<?xml version="1.0" encoding="UTF-8"?>
<!-- Generated by org.testng.reporters.JUnitReportReporter -->
<testsuite hostname="Raghu-PC" name="com.jocata.star.Taskboard.AccountTrunover" tests="1" failures="0" timestamp="20 Dec 2017 12:42:01 GMT" time="71.054" errors="0">
  <testcase name="clickcaseid" time="71.054" classname="com.jocata.star.Taskboard.AccountTrunover"/>
</testsuite> <!-- com.jocata.star.Taskboard.AccountTrunover -->
