<?xml version="1.0" encoding="UTF-8"?>
<!-- Generated by org.testng.reporters.JUnitReportReporter -->
<testsuite hostname="Raghu-PC" name="com.jocata.star.RuleLibry.RuleLibrarySearchwithRuleName" tests="1" failures="0" timestamp="20 Dec 2017 12:42:01 GMT" time="19.864" errors="0">
  <testcase name="deletebenchmark" time="19.864" classname="com.jocata.star.RuleLibry.RuleLibrarySearchwithRuleName"/>
</testsuite> <!-- com.jocata.star.RuleLibry.RuleLibrarySearchwithRuleName -->
