<?xml version="1.0" encoding="UTF-8"?>
<!-- Generated by org.testng.reporters.JUnitReportReporter -->
<testsuite hostname="Raghu-PC" name="com.jocata.star.Taskboard.SearchForTrancations" tests="1" failures="0" timestamp="20 Dec 2017 12:42:01 GMT" time="101.784" errors="0">
  <testcase name="clickcaseid" time="101.784" classname="com.jocata.star.Taskboard.SearchForTrancations"/>
</testsuite> <!-- com.jocata.star.Taskboard.SearchForTrancations -->
