<?xml version="1.0" encoding="UTF-8"?>
<!-- Generated by org.testng.reporters.JUnitReportReporter -->
<testsuite hostname="Raghu-PC" name="com.jocata.star.Centra.CentraRegenerateSTR" tests="1" failures="0" timestamp="20 Dec 2017 12:42:01 GMT" time="23.776" errors="0">
  <testcase name="clickregeranteStr" time="23.776" classname="com.jocata.star.Centra.CentraRegenerateSTR"/>
</testsuite> <!-- com.jocata.star.Centra.CentraRegenerateSTR -->
