<?xml version="1.0" encoding="UTF-8"?>
<!-- Generated by org.testng.reporters.JUnitReportReporter -->
<testsuite hostname="Raghu-PC" name="com.jocata.star.Administration.AuditLogModuleName" tests="1" failures="0" timestamp="20 Dec 2017 12:42:01 GMT" time="55.336" errors="0">
  <testcase name="clickonAuditlogmodulename" time="55.336" classname="com.jocata.star.Administration.AuditLogModuleName"/>
</testsuite> <!-- com.jocata.star.Administration.AuditLogModuleName -->
