<?xml version="1.0" encoding="UTF-8"?>
<!-- Generated by org.testng.reporters.JUnitReportReporter -->
<testsuite hostname="Raghu-PC" name="com.jocata.star.AddManualEvent.AddManualEventCustomerid" tests="1" failures="0" timestamp="20 Dec 2017 12:42:01 GMT" time="45.262" errors="0">
  <testcase name="clickmanualevent" time="45.262" classname="com.jocata.star.AddManualEvent.AddManualEventCustomerid"/>
</testsuite> <!-- com.jocata.star.AddManualEvent.AddManualEventCustomerid -->
