<?xml version="1.0" encoding="UTF-8"?>
<!-- Generated by org.testng.reporters.JUnitReportReporter -->
<testsuite hostname="Raghu-PC" name="com.jocata.star.RuleSimulation.RuleSimulate3" tests="1" failures="0" timestamp="20 Dec 2017 12:42:01 GMT" time="77.416" errors="0">
  <testcase name="clickRulesimualtes" time="77.416" classname="com.jocata.star.RuleSimulation.RuleSimulate3"/>
</testsuite> <!-- com.jocata.star.RuleSimulation.RuleSimulate3 -->
