<?xml version="1.0" encoding="UTF-8"?>
<!-- Generated by org.testng.reporters.JUnitReportReporter -->
<testsuite hostname="Raghu-PC" name="com.jocata.star.WorkFlow.WorkflowSaveChanges2" tests="1" failures="0" timestamp="31 May 2017 13:06:03 GMT" time="13.949" errors="0">
  <testcase name="loginsavechanges" time="13.949" classname="com.jocata.star.WorkFlow.WorkflowSaveChanges2"/>
</testsuite> <!-- com.jocata.star.WorkFlow.WorkflowSaveChanges2 -->
