<?xml version="1.0" encoding="UTF-8"?>
<!-- Generated by org.testng.reporters.JUnitReportReporter -->
<testsuite hostname="Raghu-PC" name="com.jocata.star.AddManualEvent.AddManualEventAccountNum" tests="1" failures="0" timestamp="20 Dec 2017 12:42:01 GMT" time="57.871" errors="0">
  <testcase name="clickmanualEventAccountNum" time="57.871" classname="com.jocata.star.AddManualEvent.AddManualEventAccountNum"/>
</testsuite> <!-- com.jocata.star.AddManualEvent.AddManualEventAccountNum -->
