<?xml version="1.0" encoding="UTF-8"?>
<!-- Generated by org.testng.reporters.JUnitReportReporter -->
<testsuite hostname="Raghu-PC" name="com.jocata.star.TaskboardSort.SortOnCaseId" tests="1" failures="0" timestamp="20 Dec 2017 12:42:01 GMT" time="62.643" errors="0">
  <testcase name="clickcaseid" time="62.643" classname="com.jocata.star.TaskboardSort.SortOnCaseId"/>
</testsuite> <!-- com.jocata.star.TaskboardSort.SortOnCaseId -->
