<?xml version="1.0" encoding="UTF-8"?>
<!-- Generated by org.testng.reporters.JUnitReportReporter -->
<testsuite hostname="Raghu-PC" name="com.jocata.star.MisReports.ChangeinAccountRiskReport" tests="1" failures="0" timestamp="31 May 2017 13:06:03 GMT" time="32.639" errors="0">
  <testcase name="addReport" time="32.639" classname="com.jocata.star.MisReports.ChangeinAccountRiskReport"/>
</testsuite> <!-- com.jocata.star.MisReports.ChangeinAccountRiskReport -->
