<?xml version="1.0" encoding="UTF-8"?>
<!-- Generated by org.testng.reporters.JUnitReportReporter -->
<testsuite hostname="Raghu-PC" name="com.jocata.star.falsepositive.FalsePositiveAddby" tests="1" failures="0" timestamp="20 Dec 2017 12:42:01 GMT" time="16.813" errors="0">
  <testcase name="testprofiles" time="16.813" classname="com.jocata.star.falsepositive.FalsePositiveAddby"/>
</testsuite> <!-- com.jocata.star.falsepositive.FalsePositiveAddby -->
