<?xml version="1.0" encoding="UTF-8"?>
<!-- Generated by org.testng.reporters.JUnitReportReporter -->
<testsuite hostname="Raghu-PC" name="com.jocata.star.MisReports.AccountRiskReport" tests="1" failures="0" timestamp="20 Dec 2017 12:42:01 GMT" time="74.770" errors="0">
  <testcase name="addReport" time="74.770" classname="com.jocata.star.MisReports.AccountRiskReport"/>
</testsuite> <!-- com.jocata.star.MisReports.AccountRiskReport -->
