<?xml version="1.0" encoding="UTF-8"?>
<!-- Generated by org.testng.reporters.JUnitReportReporter -->
<testsuite hostname="Raghu-PC" name="com.jocata.TranscationSetails.TrancastionDetails" tests="1" failures="0" timestamp="20 Dec 2017 12:42:01 GMT" time="53.613" errors="0">
  <testcase name="logintranscationdetails" time="53.613" classname="com.jocata.TranscationSetails.TrancastionDetails"/>
</testsuite> <!-- com.jocata.TranscationSetails.TrancastionDetails -->
