<?xml version="1.0" encoding="UTF-8"?>
<!-- Generated by org.testng.reporters.JUnitReportReporter -->
<testsuite hostname="Raghu-PC" name="com.jocata.star.Administration.UserPermissionsReport" tests="1" failures="0" timestamp="20 Dec 2017 12:42:01 GMT" time="145.879" errors="0">
  <testcase name="clickriskconfigrationedit" time="145.879" classname="com.jocata.star.Administration.UserPermissionsReport"/>
</testsuite> <!-- com.jocata.star.Administration.UserPermissionsReport -->
