<?xml version="1.0" encoding="UTF-8"?>
<!-- Generated by org.testng.reporters.JUnitReportReporter -->
<testsuite hostname="Raghu-PC" name="com.jocata.star.TaskboardSort.SortOnLastUpdateddate" tests="1" failures="0" timestamp="20 Dec 2017 12:42:01 GMT" time="79.661" errors="0">
  <testcase name="clickonSortonLastupdate" time="79.661" classname="com.jocata.star.TaskboardSort.SortOnLastUpdateddate"/>
</testsuite> <!-- com.jocata.star.TaskboardSort.SortOnLastUpdateddate -->
