<?xml version="1.0" encoding="UTF-8"?>
<!-- Generated by org.testng.reporters.JUnitReportReporter -->
<testsuite hostname="Raghu-PC" name="com.jocata.star.RuleBulider.RuleBuliderUpdate" tests="1" failures="0" timestamp="20 Dec 2017 12:42:01 GMT" time="89.494" errors="0">
  <testcase name="clickrulebuliderupdate" time="89.494" classname="com.jocata.star.RuleBulider.RuleBuliderUpdate"/>
</testsuite> <!-- com.jocata.star.RuleBulider.RuleBuliderUpdate -->
