<?xml version="1.0" encoding="UTF-8"?>
<!-- Generated by org.testng.reporters.JUnitReportReporter -->
<testsuite hostname="Raghu-PC" name="com.jocata.star.MisReports.UserPermissionReport" tests="1" failures="0" timestamp="31 May 2017 13:06:03 GMT" time="32.987" errors="0">
  <testcase name="addReport" time="32.987" classname="com.jocata.star.MisReports.UserPermissionReport"/>
</testsuite> <!-- com.jocata.star.MisReports.UserPermissionReport -->
