<?xml version="1.0" encoding="UTF-8"?>
<!-- Generated by org.testng.reporters.JUnitReportReporter -->
<testsuite hostname="Raghu-PC" name="com.jocata.star.dashboard.DashboardAgeingDrillDown" tests="1" failures="0" timestamp="20 Dec 2017 12:42:01 GMT" time="28.117" errors="0">
  <testcase name="testlevel" time="28.117" classname="com.jocata.star.dashboard.DashboardAgeingDrillDown"/>
</testsuite> <!-- com.jocata.star.dashboard.DashboardAgeingDrillDown -->
