<?xml version="1.0" encoding="UTF-8"?>
<!-- Generated by org.testng.reporters.JUnitReportReporter -->
<testsuite hostname="Raghu-PC" name="com.jocata.star.RuleSimulation.RuleSimulate2" tests="1" failures="0" timestamp="29 Jun 2017 13:11:35 GMT" time="43.448" errors="0">
  <testcase name="clickRulesimualtes" time="43.448" classname="com.jocata.star.RuleSimulation.RuleSimulate2"/>
</testsuite> <!-- com.jocata.star.RuleSimulation.RuleSimulate2 -->
