<?xml version="1.0" encoding="UTF-8"?>
<!-- Generated by org.testng.reporters.JUnitReportReporter -->
<testsuite hostname="Raghu-PC" name="com.jocata.star.Administration.SysytemConfigurationFalsePositiveLimits" tests="1" failures="0" timestamp="20 Dec 2017 12:42:01 GMT" time="25.341" errors="0">
  <testcase name="clicknotification" time="25.341" classname="com.jocata.star.Administration.SysytemConfigurationFalsePositiveLimits"/>
</testsuite> <!-- com.jocata.star.Administration.SysytemConfigurationFalsePositiveLimits -->
