<?xml version="1.0" encoding="UTF-8"?>
<!-- Generated by org.testng.reporters.JUnitReportReporter -->
<testsuite hostname="Raghu-PC" name="com.jocata.star.RuleSimulation.RuleSimulate" tests="1" failures="0" timestamp="14 Jun 2017 13:07:14 GMT" time="39.683" errors="0">
  <testcase name="clickRulesimualtes" time="39.683" classname="com.jocata.star.RuleSimulation.RuleSimulate"/>
</testsuite> <!-- com.jocata.star.RuleSimulation.RuleSimulate -->
