<?xml version="1.0" encoding="UTF-8"?>
<!-- Generated by org.testng.reporters.JUnitReportReporter -->
<testsuite hostname="Raghu-PC" name="com.jocata.star.Centra.CentraReSubmit" tests="1" failures="0" timestamp="20 Dec 2017 12:42:01 GMT" time="51.532" errors="0">
  <testcase name="clickregeranteStr" time="51.532" classname="com.jocata.star.Centra.CentraReSubmit"/>
</testsuite> <!-- com.jocata.star.Centra.CentraReSubmit -->
