<?xml version="1.0" encoding="UTF-8"?>
<!-- Generated by org.testng.reporters.JUnitReportReporter -->
<testsuite hostname="Raghu-PC" name="com.jocata.star.dashboard.DashboardLevelSelection" tests="1" failures="0" timestamp="20 Dec 2017 12:42:01 GMT" time="16.647" errors="0">
  <testcase name="test" time="16.647" classname="com.jocata.star.dashboard.DashboardLevelSelection"/>
</testsuite> <!-- com.jocata.star.dashboard.DashboardLevelSelection -->
