<?xml version="1.0" encoding="UTF-8"?>
<!-- Generated by org.testng.reporters.JUnitReportReporter -->
<testsuite hostname="Raghu-PC" name="com.jocata.star.GridAdministartion.RiskConfigurationEdit" tests="1" failures="0" timestamp="31 May 2017 13:06:03 GMT" time="78.995" errors="0">
  <testcase name="clickriskconfigrationedit" time="78.995" classname="com.jocata.star.GridAdministartion.RiskConfigurationEdit"/>
</testsuite> <!-- com.jocata.star.GridAdministartion.RiskConfigurationEdit -->
