<?xml version="1.0" encoding="UTF-8"?>
<!-- Generated by org.testng.reporters.JUnitReportReporter -->
<testsuite hostname="Raghu-PC" name="com.jocata.star.dashboard.DashboardWorkFlowDrillDown" tests="1" failures="0" timestamp="20 Dec 2017 12:42:01 GMT" time="27.436" errors="0">
  <testcase name="test" time="27.436" classname="com.jocata.star.dashboard.DashboardWorkFlowDrillDown"/>
</testsuite> <!-- com.jocata.star.dashboard.DashboardWorkFlowDrillDown -->
